-------------------------------------------------------------------------------
Test set: FooTest
-------------------------------------------------------------------------------
Tests run: 2, Failures: 1, Errors: 0, Skipped: 0, Time elapsed: 0.06 s <<< FAILURE! - in FooTest
myFalseMethod  Time elapsed: 0.02 s  <<< FAILURE!
org.opentest4j.AssertionFailedError: expected: <false> but was: <true>
	at FooTest.myFalseMethod(FooTest.java:12)

